[2012-06-23 14:28:10] request.ERROR: Symfony\Component\HttpKernel\Exception\NotFoundHttpException: No route found for "GET /check.php" (uncaught exception) at /var/www/GesNotes/vendor/symfony/src/Symfony/Bundle/FrameworkBundle/EventListener/RouterListener.php line 83 [] []
[2012-06-23 14:30:15] request.ERROR: Symfony\Component\HttpKernel\Exception\NotFoundHttpException: No route found for "GET /" (uncaught exception) at /var/www/GesNotes/vendor/symfony/src/Symfony/Bundle/FrameworkBundle/EventListener/RouterListener.php line 83 [] []
[2012-06-23 14:30:20] request.ERROR: Symfony\Component\HttpKernel\Exception\NotFoundHttpException: No route found for "GET /" (uncaught exception) at /var/www/GesNotes/app/cache/prod/classes.php line 4584 [] []
[2012-06-23 14:34:42] request.ERROR: Symfony\Component\HttpKernel\Exception\NotFoundHttpException: No route found for "GET /" (uncaught exception) at /var/www/GesNotes/app/cache/prod/classes.php line 4584 [] []
[2012-06-23 14:37:27] request.ERROR: Symfony\Component\HttpKernel\Exception\NotFoundHttpException: No route found for "GET /" (uncaught exception) at /var/www/GesNotes/app/cache/prod/classes.php line 4584 [] []
[2012-06-23 15:21:45] request.ERROR: Symfony\Component\HttpKernel\Exception\NotFoundHttpException: No route found for "GET /" (uncaught exception) at /var/www/GesNotes/app/cache/prod/classes.php line 4584 [] []
[2012-06-23 15:21:48] request.ERROR: Symfony\Component\HttpKernel\Exception\NotFoundHttpException: No route found for "GET /ajuda" (uncaught exception) at /var/www/GesNotes/app/cache/prod/classes.php line 4584 [] []
[2012-06-23 15:24:15] request.ERROR: Symfony\Component\HttpKernel\Exception\NotFoundHttpException: No route found for "GET /web/app.php" (uncaught exception) at /var/www/GesNotes/app/cache/prod/classes.php line 4584 [] []
[2012-06-23 15:24:21] request.ERROR: Symfony\Component\HttpKernel\Exception\NotFoundHttpException: No route found for "GET /" (uncaught exception) at /var/www/GesNotes/app/cache/prod/classes.php line 4584 [] []
[2012-06-23 15:27:39] request.ERROR: Symfony\Component\HttpKernel\Exception\NotFoundHttpException: No route found for "GET /bundles/assignatura/css/comu.css" (uncaught exception) at /var/www/GesNotes/app/cache/prod/classes.php line 4584 [] []
[2012-06-23 15:27:39] request.ERROR: Symfony\Component\HttpKernel\Exception\NotFoundHttpException: No route found for "GET /bundles/assignatura/css/normalitzar.css" (uncaught exception) at /var/www/GesNotes/app/cache/prod/classes.php line 4584 [] []
[2012-06-23 15:27:39] request.ERROR: Symfony\Component\HttpKernel\Exception\NotFoundHttpException: No route found for "GET /bundles/assignatura/css/frontend.css" (uncaught exception) at /var/www/GesNotes/app/cache/prod/classes.php line 4584 [] []
[2012-06-23 16:11:17] request.ERROR: Symfony\Component\HttpKernel\Exception\NotFoundHttpException: No route found for "GET /bundles/assignatura/css/normalitzar.css" (uncaught exception) at /var/www/GesNotes/app/cache/prod/classes.php line 4584 [] []
[2012-06-23 16:11:17] request.ERROR: Symfony\Component\HttpKernel\Exception\NotFoundHttpException: No route found for "GET /bundles/assignatura/css/comu.css" (uncaught exception) at /var/www/GesNotes/app/cache/prod/classes.php line 4584 [] []
[2012-06-23 16:11:17] request.ERROR: Symfony\Component\HttpKernel\Exception\NotFoundHttpException: No route found for "GET /bundles/assignatura/css/frontend.css" (uncaught exception) at /var/www/GesNotes/app/cache/prod/classes.php line 4584 [] []
[2012-06-23 16:11:18] request.ERROR: Symfony\Component\HttpKernel\Exception\NotFoundHttpException: No route found for "GET /bundles/assignatura/css/comu.css" (uncaught exception) at /var/www/GesNotes/app/cache/prod/classes.php line 4584 [] []
[2012-06-23 16:11:18] request.ERROR: Symfony\Component\HttpKernel\Exception\NotFoundHttpException: No route found for "GET /bundles/assignatura/css/normalitzar.css" (uncaught exception) at /var/www/GesNotes/app/cache/prod/classes.php line 4584 [] []
[2012-06-23 16:11:18] request.ERROR: Symfony\Component\HttpKernel\Exception\NotFoundHttpException: No route found for "GET /bundles/assignatura/css/frontend.css" (uncaught exception) at /var/www/GesNotes/app/cache/prod/classes.php line 4584 [] []
[2012-06-23 16:11:19] request.ERROR: Symfony\Component\HttpKernel\Exception\NotFoundHttpException: No route found for "GET /bundles/assignatura/css/normalitzar.css" (uncaught exception) at /var/www/GesNotes/app/cache/prod/classes.php line 4584 [] []
[2012-06-23 16:11:19] request.ERROR: Symfony\Component\HttpKernel\Exception\NotFoundHttpException: No route found for "GET /bundles/assignatura/css/comu.css" (uncaught exception) at /var/www/GesNotes/app/cache/prod/classes.php line 4584 [] []
[2012-06-23 16:11:19] request.ERROR: Symfony\Component\HttpKernel\Exception\NotFoundHttpException: No route found for "GET /bundles/assignatura/css/frontend.css" (uncaught exception) at /var/www/GesNotes/app/cache/prod/classes.php line 4584 [] []
[2012-06-23 16:12:14] request.ERROR: Symfony\Component\HttpKernel\Exception\NotFoundHttpException: No route found for "GET /bundles/assignatura/css/frontend.css" (uncaught exception) at /var/www/GesNotes/app/cache/prod/classes.php line 4584 [] []
[2012-06-23 16:13:54] request.ERROR: Symfony\Component\HttpKernel\Exception\NotFoundHttpException: No route found for "GET /bundles/assignatura/css/frontend.css" (uncaught exception) at /var/www/GesNotes/app/cache/prod/classes.php line 4584 [] []
[2012-06-23 16:18:22] request.ERROR: Symfony\Component\HttpKernel\Exception\NotFoundHttpException: No route found for "GET /bundles/assignatura/css/frontend.css" (uncaught exception) at /var/www/GesNotes/app/cache/prod/classes.php line 4584 [] []
[2012-06-23 16:18:24] request.ERROR: Symfony\Component\HttpKernel\Exception\NotFoundHttpException: No route found for "GET /bundles/assignatura/css/frontend.css" (uncaught exception) at /var/www/GesNotes/app/cache/prod/classes.php line 4584 [] []
[2012-06-23 16:19:23] request.ERROR: Symfony\Component\HttpKernel\Exception\NotFoundHttpException: No route found for "GET /bundles/assignatura/css/frontend.css" (uncaught exception) at /var/www/GesNotes/app/cache/prod/classes.php line 4584 [] []
[2012-06-23 16:19:23] request.ERROR: Symfony\Component\HttpKernel\Exception\NotFoundHttpException: No route found for "GET /bundles/assignatura/css/frontend.css" (uncaught exception) at /var/www/GesNotes/app/cache/prod/classes.php line 4584 [] []
[2012-06-23 16:19:28] request.ERROR: Symfony\Component\HttpKernel\Exception\NotFoundHttpException: No route found for "GET /bundles/assignatura/css/frontend.css" (uncaught exception) at /var/www/GesNotes/app/cache/prod/classes.php line 4584 [] []
[2012-06-23 16:20:03] request.ERROR: Symfony\Component\HttpKernel\Exception\NotFoundHttpException: No route found for "GET /bundles/assignatura/css/frontend.css" (uncaught exception) at /var/www/GesNotes/app/cache/prod/classes.php line 4584 [] []
[2012-06-23 16:20:27] request.ERROR: Symfony\Component\HttpKernel\Exception\NotFoundHttpException: No route found for "GET /bundles/assignatura/css/frontend.css" (uncaught exception) at /var/www/GesNotes/app/cache/prod/classes.php line 4584 [] []
[2012-06-23 16:20:40] request.ERROR: Symfony\Component\HttpKernel\Exception\NotFoundHttpException: No route found for "GET /bundles/assignatura/css/frontend.css" (uncaught exception) at /var/www/GesNotes/app/cache/prod/classes.php line 4584 [] []
[2012-06-23 16:21:32] request.ERROR: Symfony\Component\HttpKernel\Exception\NotFoundHttpException: No route found for "GET /bundles/assignatura/css/frontend.css" (uncaught exception) at /var/www/GesNotes/app/cache/prod/classes.php line 4584 [] []
[2012-06-23 16:22:34] request.ERROR: Symfony\Component\HttpKernel\Exception\NotFoundHttpException: No route found for "GET /bundles/assignatura/css/frontend.css" (uncaught exception) at /var/www/GesNotes/app/cache/prod/classes.php line 4584 [] []
[2012-06-23 16:23:18] request.ERROR: Symfony\Component\HttpKernel\Exception\NotFoundHttpException: No route found for "GET /bundles/assignatura/css/frontend.css" (uncaught exception) at /var/www/GesNotes/app/cache/prod/classes.php line 4584 [] []
[2012-06-23 16:23:57] request.ERROR: Symfony\Component\HttpKernel\Exception\NotFoundHttpException: No route found for "GET /bundles/assignatura/css/frontend.css" (uncaught exception) at /var/www/GesNotes/app/cache/prod/classes.php line 4584 [] []
[2012-06-23 16:24:32] request.ERROR: Symfony\Component\HttpKernel\Exception\NotFoundHttpException: No route found for "GET /bundles/assignatura/css/frontend.css" (uncaught exception) at /var/www/GesNotes/app/cache/prod/classes.php line 4584 [] []
[2012-06-23 16:25:09] request.ERROR: Symfony\Component\HttpKernel\Exception\NotFoundHttpException: No route found for "GET /bundles/assignatura/css/frontend.css" (uncaught exception) at /var/www/GesNotes/app/cache/prod/classes.php line 4584 [] []
[2012-06-23 16:26:19] request.ERROR: Symfony\Component\HttpKernel\Exception\NotFoundHttpException: No route found for "GET /bundles/assignatura/css/frontend.css" (uncaught exception) at /var/www/GesNotes/app/cache/prod/classes.php line 4584 [] []
[2012-06-23 16:26:54] request.ERROR: Symfony\Component\HttpKernel\Exception\NotFoundHttpException: No route found for "GET /bundles/assignatura/css/frontend.css" (uncaught exception) at /var/www/GesNotes/app/cache/prod/classes.php line 4584 [] []
[2012-06-23 16:27:23] request.ERROR: Symfony\Component\HttpKernel\Exception\NotFoundHttpException: No route found for "GET /bundles/assignatura/css/frontend.css" (uncaught exception) at /var/www/GesNotes/app/cache/prod/classes.php line 4584 [] []
[2012-06-23 16:27:39] request.ERROR: Symfony\Component\HttpKernel\Exception\NotFoundHttpException: No route found for "GET /bundles/assignatura/css/frontend.css" (uncaught exception) at /var/www/GesNotes/app/cache/prod/classes.php line 4584 [] []
[2012-06-23 16:28:00] request.ERROR: Symfony\Component\HttpKernel\Exception\NotFoundHttpException: No route found for "GET /bundles/assignatura/css/frontend.css" (uncaught exception) at /var/www/GesNotes/app/cache/prod/classes.php line 4584 [] []
[2012-06-23 16:28:44] request.ERROR: Symfony\Component\HttpKernel\Exception\NotFoundHttpException: No route found for "GET /bundles/assignatura/css/frontend.css" (uncaught exception) at /var/www/GesNotes/app/cache/prod/classes.php line 4584 [] []
[2012-06-23 16:29:14] request.ERROR: Symfony\Component\HttpKernel\Exception\NotFoundHttpException: No route found for "GET /bundles/assignatura/css/frontend.css" (uncaught exception) at /var/www/GesNotes/app/cache/prod/classes.php line 4584 [] []
[2012-06-23 16:29:15] request.ERROR: Symfony\Component\HttpKernel\Exception\NotFoundHttpException: No route found for "GET /bundles/assignatura/css/frontend.css" (uncaught exception) at /var/www/GesNotes/app/cache/prod/classes.php line 4584 [] []
[2012-06-23 16:29:28] request.ERROR: Symfony\Component\HttpKernel\Exception\NotFoundHttpException: No route found for "GET /bundles/assignatura/css/frontend.css" (uncaught exception) at /var/www/GesNotes/app/cache/prod/classes.php line 4584 [] []
[2012-06-23 16:29:51] request.ERROR: Symfony\Component\HttpKernel\Exception\NotFoundHttpException: No route found for "GET /bundles/assignatura/css/frontend.css" (uncaught exception) at /var/www/GesNotes/app/cache/prod/classes.php line 4584 [] []
[2012-06-23 16:29:58] request.ERROR: Symfony\Component\HttpKernel\Exception\NotFoundHttpException: No route found for "GET /bundles/assignatura/css/frontend.css" (uncaught exception) at /var/www/GesNotes/app/cache/prod/classes.php line 4584 [] []
[2012-06-23 16:30:00] request.ERROR: Symfony\Component\HttpKernel\Exception\NotFoundHttpException: No route found for "GET /bundles/assignatura/css/frontend.css" (uncaught exception) at /var/www/GesNotes/app/cache/prod/classes.php line 4584 [] []
[2012-06-23 16:30:01] request.ERROR: Symfony\Component\HttpKernel\Exception\NotFoundHttpException: No route found for "GET /bundles/assignatura/css/frontend.css" (uncaught exception) at /var/www/GesNotes/app/cache/prod/classes.php line 4584 [] []
[2012-06-23 16:30:08] request.ERROR: Symfony\Component\HttpKernel\Exception\NotFoundHttpException: No route found for "GET /bundles/assignatura/css/frontend.css" (uncaught exception) at /var/www/GesNotes/app/cache/prod/classes.php line 4584 [] []
[2012-06-23 16:30:13] request.ERROR: Symfony\Component\HttpKernel\Exception\NotFoundHttpException: No route found for "GET /bundles/assignatura/css/frontend.css" (uncaught exception) at /var/www/GesNotes/app/cache/prod/classes.php line 4584 [] []
